<?xml version="1.0" encoding="UTF-8"?>
<!-- Generated by org.testng.reporters.JUnitReportReporter -->
<testsuite hostname="SANJU" name="com.actitime.scripts.ExtentReport" tests="1" failures="0" timestamp="17 Sep 2020 11:18:02 GMT" time="3.749" errors="0">
  <testcase name="colorreports" time="3.749" classname="com.actitime.scripts.ExtentReport"/>
</testsuite> <!-- com.actitime.scripts.ExtentReport -->
