<?xml version="1.0" encoding="UTF-8"?>
<!-- Generated by org.testng.reporters.JUnitReportReporter -->
<testsuite skipped="0" hostname="DESKTOP-U4JS4MC" name="com.actitime.scripts.TaskTest" tests="6" failures="0" timestamp="2020-01-19T13:37:46 IST" time="186.505" errors="0">
  <testcase name="createCustomer" time="41.464" classname="com.actitime.scripts.TaskTest"/>
  <system-out>
createCustomerscript execution starts: Sun Jan 19 13:34:52 IST 2020 Create Customer is Verified createCustomer script is passed  </system-out>
  <testcase name="createNewProject" time="24.571" classname="com.actitime.scripts.TaskTest"/>
  <system-out>
createNewProjectscript execution starts: Sun Jan 19 13:35:32 IST 2020 Create Project is Verified createNewProject script is passed  </system-out>
  <testcase name="createNewTask" time="34.601" classname="com.actitime.scripts.TaskTest"/>
  <system-out>
createNewTaskscript execution starts: Sun Jan 19 13:35:59 IST 2020 Create Task is Verified createNewTask script is passed  </system-out>
  <testcase name="deleteNewTask" time="34.602" classname="com.actitime.scripts.TaskTest"/>
  <system-out>
deleteNewTaskscript execution starts: Sun Jan 19 13:36:30 IST 2020 Delete Task is Verified deleteNewTask script is passed  </system-out>
  <testcase name="deleteNewProject" time="22.512" classname="com.actitime.scripts.TaskTest"/>
  <system-out>
deleteNewProjectscript execution starts: Sun Jan 19 13:37:02 IST 2020 Delete Project is Verified deleteNewProject script is passed  </system-out>
  <testcase name="deleteCustomer" time="28.755" classname="com.actitime.scripts.TaskTest"/>
  <system-out>
deleteCustomerscript execution starts: Sun Jan 19 13:37:30 IST 2020 Customer has been successfully deleted. deleteCustomer script is passed  </system-out>
</testsuite> <!-- com.actitime.scripts.TaskTest -->
